0 info it worked if it ends with ok
1 verbose cli [ '/usr/bin/iojs', '/usr/bin/npm', 'start' ]
2 info using npm@2.1.18
3 info using node@v1.0.2
4 verbose node symlink /usr/bin/iojs
5 verbose run-script [ 'prestart', 'start', 'poststart' ]
6 info prestart express@0.0.0
7 info start express@0.0.0
8 verbose unsafe-perm in lifecycle true
9 info express@0.0.0 Failed to exec start script
10 verbose stack Error: express@0.0.0 start: `node ./bin/www`
10 verbose stack Exit status 1
10 verbose stack     at EventEmitter.<anonymous> (/opt/iojs-v1.0.2-linux-x64/lib/node_modules/npm/lib/utils/lifecycle.js:212:16)
10 verbose stack     at EventEmitter.emit (events.js:98:17)
10 verbose stack     at ChildProcess.<anonymous> (/opt/iojs-v1.0.2-linux-x64/lib/node_modules/npm/lib/utils/spawn.js:14:12)
10 verbose stack     at ChildProcess.emit (events.js:98:17)
10 verbose stack     at maybeClose (child_process.js:979:16)
10 verbose stack     at Process.ChildProcess._handle.onexit (child_process.js:1051:5)
11 verbose pkgid express@0.0.0
12 verbose cwd /var/lib/arangodb-apps/_db/_system/wishpool/APP/express
13 error Linux 3.16.0-30-generic
14 error argv "/usr/bin/iojs" "/usr/bin/npm" "start"
15 error node v1.0.2
16 error npm  v2.1.18
17 error code ELIFECYCLE
18 error express@0.0.0 start: `node ./bin/www`
18 error Exit status 1
19 error Failed at the express@0.0.0 start script 'node ./bin/www'.
19 error This is most likely a problem with the express package,
19 error not with npm itself.
19 error Tell the author that this fails on your system:
19 error     node ./bin/www
19 error You can get their info via:
19 error     npm owner ls express
19 error There is likely additional logging output above.
20 verbose exit [ 1, true ]
